  [1m[36m (19.1ms)[0m  [1mCREATE TABLE "schema_migrations" ("version" character varying(255) NOT NULL) [0m
  [1m[35m (6.5ms)[0m  CREATE UNIQUE INDEX  "unique_schema_migrations" ON "schema_migrations"  ("version")
  [1m[36mActiveRecord::SchemaMigration Load (0.4ms)[0m  [1mSELECT "schema_migrations".* FROM "schema_migrations"[0m
Migrating to CreateSky (20151005011004)
  [1m[35m (0.1ms)[0m  BEGIN
  [1m[36m (17.3ms)[0m  [1mCREATE TABLE "skies" ("id" serial primary key, "colors" character varying(255)[] DEFAULT '{}') [0m
  [1m[35m (6.0ms)[0m  ALTER TABLE "skies" ADD COLUMN "image_file_name" character varying(255)
  [1m[36m (0.3ms)[0m  [1mALTER TABLE "skies" ADD COLUMN "image_content_type" character varying(255)[0m
  [1m[35m (0.2ms)[0m  ALTER TABLE "skies" ADD COLUMN "image_file_size" integer
  [1m[36m (0.3ms)[0m  [1mALTER TABLE "skies" ADD COLUMN "image_updated_at" timestamp[0m
  [1m[35mSQL (0.2ms)[0m  INSERT INTO "schema_migrations" ("version") VALUES ($1)  [["version", "20151005011004"]]
  [1m[36m (6.5ms)[0m  [1mCOMMIT[0m
  [1m[35mActiveRecord::SchemaMigration Load (0.4ms)[0m  SELECT "schema_migrations".* FROM "schema_migrations"
  [1m[36mActiveRecord::SchemaMigration Load (0.5ms)[0m  [1mSELECT "schema_migrations".* FROM "schema_migrations"[0m
  [1m[35mActiveRecord::SchemaMigration Load (0.2ms)[0m  SELECT "schema_migrations".* FROM "schema_migrations"
Command :: file -b --mime '/var/folders/dx/yc20zw096172d7fqm2gcrq9c0000gn/T/out.png20151004-78747-5z1y2r'
Command :: file -b --mime '/var/folders/dx/yc20zw096172d7fqm2gcrq9c0000gn/T/out20151004-78747-1yqu1b5.png'
Command :: file -b --mime '/var/folders/dx/yc20zw096172d7fqm2gcrq9c0000gn/T/out20151004-79813-7ljjub.png'
Command :: file -b --mime '/var/folders/dx/yc20zw096172d7fqm2gcrq9c0000gn/T/out20151004-79813-eol3us.png'
Command :: file -b --mime '/var/folders/dx/yc20zw096172d7fqm2gcrq9c0000gn/T/b6f5e492d7d3132fca8f3e7234eac6fe20151004-79813-1uge6ep.png'
Command :: file -b --mime '/var/folders/dx/yc20zw096172d7fqm2gcrq9c0000gn/T/out20151004-79813-apz5hl.png'
Command :: file -b --mime '/var/folders/dx/yc20zw096172d7fqm2gcrq9c0000gn/T/4be87d4166f59577f6abc9a36fc69c2220151004-79813-jupzc.png'
  [1m[36m (0.2ms)[0m  [1mBEGIN[0m
Command :: file -b --mime '/var/folders/dx/yc20zw096172d7fqm2gcrq9c0000gn/T/4be87d4166f59577f6abc9a36fc69c2220151004-79813-1lh3rhl.png'
  [1m[35mSQL (18.1ms)[0m  INSERT INTO "skies" ("colors", "image_content_type", "image_file_name", "image_file_size", "image_updated_at") VALUES ($1, $2, $3, $4, $5) RETURNING "id"  [["colors", "{\"#151939\",\"#634281\",\"#EB2D17\",\"#3E9FE6\"}"], ["image_content_type", "image/png"], ["image_file_name", "out20151004-79813-apz5hl.png"], ["image_file_size", 6702], ["image_updated_at", "2015-10-05 02:52:57.941586"]]
  [1m[36m (12.7ms)[0m  [1mCOMMIT[0m
  [1m[35mSky Load (1.7ms)[0m  SELECT  "skies".* FROM "skies"   ORDER BY "skies"."id" ASC LIMIT 1
  [1m[36mSky Load (0.5ms)[0m  [1mSELECT  "skies".* FROM "skies"   ORDER BY "skies"."id" ASC LIMIT 1[0m
Command :: file -b --mime '/var/folders/dx/yc20zw096172d7fqm2gcrq9c0000gn/T/out20151004-79813-1l2yt6y.png'
Command :: file -b --mime '/var/folders/dx/yc20zw096172d7fqm2gcrq9c0000gn/T/fca9974cb36f6a2601b4c718ce21a17220151004-79813-16euosk.png'
  [1m[35m (0.2ms)[0m  BEGIN
Command :: file -b --mime '/var/folders/dx/yc20zw096172d7fqm2gcrq9c0000gn/T/fca9974cb36f6a2601b4c718ce21a17220151004-79813-bsk5cd.png'
  [1m[36mSQL (0.4ms)[0m  [1mINSERT INTO "skies" ("colors", "image_content_type", "image_file_name", "image_file_size", "image_updated_at") VALUES ($1, $2, $3, $4, $5) RETURNING "id"[0m  [["colors", "{\"#15193A\",\"#63417F\",\"#EB2E1D\",\"#3B97E7\"}"], ["image_content_type", "image/png"], ["image_file_name", "out20151004-79813-1l2yt6y.png"], ["image_file_size", 6802], ["image_updated_at", "2015-10-05 02:57:02.417629"]]
[paperclip] saving /skies/images/000/000/002/original/out20151004-79813-1l2yt6y.png
  [1m[35m (0.5ms)[0m  ROLLBACK
Command :: file -b --mime '/var/folders/dx/yc20zw096172d7fqm2gcrq9c0000gn/T/out20151004-80095-jaxha6.png'
Command :: file -b --mime '/var/folders/dx/yc20zw096172d7fqm2gcrq9c0000gn/T/a9a71039bf8fa0e181d1d7c45d60af0420151004-80095-2lni0h.png'
  [1m[36m (0.4ms)[0m  [1mBEGIN[0m
Command :: file -b --mime '/var/folders/dx/yc20zw096172d7fqm2gcrq9c0000gn/T/a9a71039bf8fa0e181d1d7c45d60af0420151004-80095-l50zff.png'
  [1m[35mSQL (0.5ms)[0m  INSERT INTO "skies" ("colors", "image_content_type", "image_file_name", "image_file_size", "image_updated_at") VALUES ($1, $2, $3, $4, $5) RETURNING "id"  [["colors", "{\"#141C39\",\"#594786\",\"#EC2F16\",\"#41A2E7\"}"], ["image_content_type", "image/png"], ["image_file_name", "out20151004-80095-jaxha6.png"], ["image_file_size", 6793], ["image_updated_at", "2015-10-05 02:58:43.708670"]]
[paperclip] saving /skies/images/000/000/003/original/out20151004-80095-jaxha6.png
[AWS S3 200 2.402402 1 retries] put_object(:acl=>:public_read,:bucket_name=>"lo-sky",:content_length=>6793,:content_type=>"image/png",:data=>Paperclip::FileAdapter: out20151004-80095-jaxha6.png,:key=>"skies/images/000/000/003/original/out20151004-80095-jaxha6.png")  

  [1m[36m (6.5ms)[0m  [1mCOMMIT[0m
Command :: file -b --mime '/var/folders/dx/yc20zw096172d7fqm2gcrq9c0000gn/T/out20151004-80313-uo4v8f.png'
Command :: file -b --mime '/var/folders/dx/yc20zw096172d7fqm2gcrq9c0000gn/T/9d1c46d4552f0f310866fedbb14ad2ad20151004-80313-j8ojsk.png'
  [1m[36m (0.2ms)[0m  [1mBEGIN[0m
Command :: file -b --mime '/var/folders/dx/yc20zw096172d7fqm2gcrq9c0000gn/T/9d1c46d4552f0f310866fedbb14ad2ad20151004-80313-1y0c24c.png'
  [1m[35mSQL (0.5ms)[0m  INSERT INTO "skies" ("colors", "image_content_type", "image_file_name", "image_file_size", "image_updated_at") VALUES ($1, $2, $3, $4, $5) RETURNING "id"  [["colors", "{\"#14193B\",\"#654580\",\"#EB2F18\",\"#3C97E5\"}"], ["image_content_type", "image/png"], ["image_file_name", "out20151004-80313-uo4v8f.png"], ["image_file_size", 6758], ["image_updated_at", "2015-10-05 03:04:04.136611"]]
[paperclip] saving /skies/images/000/000/004/original/out20151004-80313-uo4v8f.png
[AWS S3 200 1.827887 1 retries] put_object(:acl=>:public_read,:bucket_name=>"lo-sky",:content_length=>6758,:content_type=>"image/png",:data=>Paperclip::FileAdapter: out20151004-80313-uo4v8f.png,:key=>"skies/images/000/000/004/original/out20151004-80313-uo4v8f.png")  

  [1m[36m (16.9ms)[0m  [1mCOMMIT[0m
  [1m[36mSky Load (0.8ms)[0m  [1mSELECT  "skies".* FROM "skies"  LIMIT 50[0m
  [1m[35mSky Load (9.9ms)[0m  SELECT  "skies".* FROM "skies"   ORDER BY "skies"."created_at" ASC LIMIT 50
PG::UndefinedColumn: ERROR:  column skies.created_at does not exist
LINE 1: SELECT  "skies".* FROM "skies"   ORDER BY "skies"."created_a...
                                                  ^
: SELECT  "skies".* FROM "skies"   ORDER BY "skies"."created_at" ASC LIMIT 50
  [1m[36mActiveRecord::SchemaMigration Load (0.7ms)[0m  [1mSELECT "schema_migrations".* FROM "schema_migrations"[0m
  [1m[35mActiveRecord::SchemaMigration Load (0.2ms)[0m  SELECT "schema_migrations".* FROM "schema_migrations"
Migrating to CreateSky (20151005011004)
  [1m[36m (0.1ms)[0m  [1mBEGIN[0m
  [1m[35m (4.5ms)[0m  ALTER TABLE "skies" DROP "image_file_name"
  [1m[36m (0.3ms)[0m  [1mALTER TABLE "skies" DROP "image_content_type"[0m
  [1m[35m (0.2ms)[0m  ALTER TABLE "skies" DROP "image_file_size"
  [1m[36m (0.1ms)[0m  [1mALTER TABLE "skies" DROP "image_updated_at"[0m
  [1m[35m (3.7ms)[0m  DROP TABLE "skies"
  [1m[36mSQL (14.8ms)[0m  [1mDELETE FROM "schema_migrations" WHERE "schema_migrations"."version" = '20151005011004'[0m
  [1m[35m (12.5ms)[0m  COMMIT
  [1m[36mActiveRecord::SchemaMigration Load (0.2ms)[0m  [1mSELECT "schema_migrations".* FROM "schema_migrations"[0m
  [1m[36mActiveRecord::SchemaMigration Load (0.5ms)[0m  [1mSELECT "schema_migrations".* FROM "schema_migrations"[0m
Migrating to CreateSky (20151005011004)
  [1m[35m (0.1ms)[0m  BEGIN
  [1m[36m (5.6ms)[0m  [1mCREATE TABLE "skies" ("id" serial primary key, "colors" character varying(255)[] DEFAULT '{}', "created_at" timestamp, "updated_at" timestamp) [0m
  [1m[35m (0.3ms)[0m  ALTER TABLE "skies" ADD COLUMN "image_file_name" character varying(255)
  [1m[36m (0.2ms)[0m  [1mALTER TABLE "skies" ADD COLUMN "image_content_type" character varying(255)[0m
  [1m[35m (0.2ms)[0m  ALTER TABLE "skies" ADD COLUMN "image_file_size" integer
  [1m[36m (0.2ms)[0m  [1mALTER TABLE "skies" ADD COLUMN "image_updated_at" timestamp[0m
  [1m[35mSQL (0.3ms)[0m  INSERT INTO "schema_migrations" ("version") VALUES ($1)  [["version", "20151005011004"]]
  [1m[36m (0.7ms)[0m  [1mCOMMIT[0m
  [1m[35mActiveRecord::SchemaMigration Load (0.2ms)[0m  SELECT "schema_migrations".* FROM "schema_migrations"
Command :: file -b --mime '/var/folders/dx/yc20zw096172d7fqm2gcrq9c0000gn/T/out20151004-80716-12etbt9.png'
Command :: file -b --mime '/var/folders/dx/yc20zw096172d7fqm2gcrq9c0000gn/T/affbd14783540baa4b7dab117936394f20151004-80716-kfdk4n.png'
  [1m[36m (0.2ms)[0m  [1mBEGIN[0m
Command :: file -b --mime '/var/folders/dx/yc20zw096172d7fqm2gcrq9c0000gn/T/affbd14783540baa4b7dab117936394f20151004-80716-fg1n1u.png'
  [1m[35mSQL (2.4ms)[0m  INSERT INTO "skies" ("colors", "created_at", "image_content_type", "image_file_name", "image_file_size", "image_updated_at", "updated_at") VALUES ($1, $2, $3, $4, $5, $6, $7) RETURNING "id"  [["colors", "{\"#13193B\",\"#5F4382\",\"#EB2E1A\",\"#3F9BE6\"}"], ["created_at", "2015-10-05 03:10:06.461296"], ["image_content_type", "image/png"], ["image_file_name", "out20151004-80716-12etbt9.png"], ["image_file_size", 6801], ["image_updated_at", "2015-10-05 03:10:06.425193"], ["updated_at", "2015-10-05 03:10:06.461296"]]
[paperclip] saving /skies/images/000/000/001/original/out20151004-80716-12etbt9.png
[AWS S3 200 2.162376 1 retries] put_object(:acl=>:public_read,:bucket_name=>"lo-sky",:content_length=>6801,:content_type=>"image/png",:data=>Paperclip::FileAdapter: out20151004-80716-12etbt9.png,:key=>"skies/images/000/000/001/original/out20151004-80716-12etbt9.png")  

  [1m[36m (13.0ms)[0m  [1mCOMMIT[0m
  [1m[36mSky Load (1.3ms)[0m  [1mSELECT "skies".* FROM "skies"[0m
  [1m[35mSky Load (0.8ms)[0m  SELECT  "skies".* FROM "skies"   ORDER BY "skies"."id" ASC LIMIT 1
  [1m[36mSky Load (0.5ms)[0m  [1mSELECT  "skies".* FROM "skies"   ORDER BY "skies"."id" ASC LIMIT 1[0m
  [1m[35mSky Load (0.5ms)[0m  SELECT  "skies".* FROM "skies"   ORDER BY "skies"."id" ASC LIMIT 1


Started GET "/" for 127.0.0.1 at 2015-10-04 22:13:08 -0500
  [1m[36mActiveRecord::SchemaMigration Load (0.5ms)[0m  [1mSELECT "schema_migrations".* FROM "schema_migrations"[0m
Processing by SkiesController#index as HTML
  Rendered skies/index.html.erb within layouts/application (4.8ms)
Completed 500 Internal Server Error in 23ms

ActionView::Template::Error (undefined method `each' for nil:NilClass):
    1: <% @resources.each do |sky| %>
    2: <div style="display:block; margin: 0 auto;">
    3:   <%= image_tag sky.image.url %>
    4: </div>
  app/views/skies/index.html.erb:1:in `_app_views_skies_index_html_erb__2789326781807407613_2163166500'


  Rendered /Users/kevinmarx/.rvm/gems/ruby-2.1.1@global/gems/actionpack-4.1.8/lib/action_dispatch/middleware/templates/rescues/_trace.html.erb (1.3ms)
  Rendered /Users/kevinmarx/.rvm/gems/ruby-2.1.1@global/gems/actionpack-4.1.8/lib/action_dispatch/middleware/templates/rescues/_request_and_response.html.erb (0.9ms)
  Rendered /Users/kevinmarx/.rvm/gems/ruby-2.1.1@global/gems/actionpack-4.1.8/lib/action_dispatch/middleware/templates/rescues/template_error.html.erb within rescues/layout (17.4ms)


Started GET "/" for 127.0.0.1 at 2015-10-04 22:13:28 -0500

ActionController::RoutingError (undefined method `before_filer' for SkiesController:Class):
  app/controllers/skies_controller.rb:2:in `<class:SkiesController>'
  app/controllers/skies_controller.rb:1:in `<top (required)>'


  Rendered /Users/kevinmarx/.rvm/gems/ruby-2.1.1@global/gems/actionpack-4.1.8/lib/action_dispatch/middleware/templates/rescues/_trace.html.erb (1.6ms)
  Rendered /Users/kevinmarx/.rvm/gems/ruby-2.1.1@global/gems/actionpack-4.1.8/lib/action_dispatch/middleware/templates/routes/_route.html.erb (1.7ms)
  Rendered /Users/kevinmarx/.rvm/gems/ruby-2.1.1@global/gems/actionpack-4.1.8/lib/action_dispatch/middleware/templates/routes/_table.html.erb (8.3ms)
  Rendered /Users/kevinmarx/.rvm/gems/ruby-2.1.1@global/gems/actionpack-4.1.8/lib/action_dispatch/middleware/templates/rescues/routing_error.html.erb within rescues/layout (37.9ms)


Started GET "/" for 127.0.0.1 at 2015-10-04 22:13:41 -0500
Processing by SkiesController#index as HTML
  [1m[35mSky Load (13.6ms)[0m  SELECT  "skies".* FROM "skies"   ORDER BY "skies"."created_at" ASC LIMIT 50
  Rendered skies/index.html.erb within layouts/application (24.7ms)
Completed 200 OK in 882ms (Views: 853.9ms | ActiveRecord: 15.9ms)


Started GET "/assets/application.css?body=1" for 127.0.0.1 at 2015-10-04 22:13:42 -0500


Started GET "/assets/jquery.js?body=1" for 127.0.0.1 at 2015-10-04 22:13:42 -0500


Started GET "/assets/jquery_ujs.js?body=1" for 127.0.0.1 at 2015-10-04 22:13:42 -0500


Started GET "/assets/turbolinks.js?body=1" for 127.0.0.1 at 2015-10-04 22:13:42 -0500


Started GET "/assets/application.js?body=1" for 127.0.0.1 at 2015-10-04 22:13:42 -0500


Started GET "/assets/application.css?body=1" for 127.0.0.1 at 2015-10-04 22:13:51 -0500
Command :: file -b --mime '/var/folders/dx/yc20zw096172d7fqm2gcrq9c0000gn/T/out20151004-81099-4sbwwu.png'
Command :: file -b --mime '/var/folders/dx/yc20zw096172d7fqm2gcrq9c0000gn/T/b61859f7ea082c5eacdf4bc32db6f0e220151004-81099-134vkjv.png'
  [1m[36m (0.2ms)[0m  [1mBEGIN[0m
Command :: file -b --mime '/var/folders/dx/yc20zw096172d7fqm2gcrq9c0000gn/T/b61859f7ea082c5eacdf4bc32db6f0e220151004-81099-113gbhp.png'
  [1m[35mSQL (0.5ms)[0m  INSERT INTO "skies" ("colors", "created_at", "image_content_type", "image_file_name", "image_file_size", "image_updated_at", "updated_at") VALUES ($1, $2, $3, $4, $5, $6, $7) RETURNING "id"  [["colors", "{\"#141A3A\",\"#5D4783\",\"#EC2F19\",\"#3E9AE4\"}"], ["created_at", "2015-10-05 03:18:26.142997"], ["image_content_type", "image/png"], ["image_file_name", "out20151004-81099-4sbwwu.png"], ["image_file_size", 6684], ["image_updated_at", "2015-10-05 03:18:26.108215"], ["updated_at", "2015-10-05 03:18:26.142997"]]
[paperclip] saving /skies/images/000/000/002/original/out20151004-81099-4sbwwu.png
[AWS S3 200 1.1187 0 retries] put_object(:acl=>:public_read,:bucket_name=>"losky",:content_length=>6684,:content_type=>"image/png",:data=>Paperclip::FileAdapter: out20151004-81099-4sbwwu.png,:key=>"skies/images/000/000/002/original/out20151004-81099-4sbwwu.png")  

  [1m[36m (12.9ms)[0m  [1mCOMMIT[0m


Started GET "/" for 127.0.0.1 at 2015-10-04 22:18:54 -0500
  [1m[36mActiveRecord::SchemaMigration Load (0.4ms)[0m  [1mSELECT "schema_migrations".* FROM "schema_migrations"[0m
Processing by SkiesController#index as HTML
  [1m[35mSky Load (1.3ms)[0m  SELECT  "skies".* FROM "skies"   ORDER BY "skies"."created_at" ASC LIMIT 50
  Rendered skies/index.html.erb within layouts/application (16.0ms)
Completed 200 OK in 167ms (Views: 148.7ms | ActiveRecord: 3.6ms)


Started GET "/assets/jquery.js?body=1" for 127.0.0.1 at 2015-10-04 22:18:55 -0500


Started GET "/assets/application.css?body=1" for 127.0.0.1 at 2015-10-04 22:18:55 -0500


Started GET "/assets/jquery_ujs.js?body=1" for 127.0.0.1 at 2015-10-04 22:18:55 -0500


Started GET "/assets/turbolinks.js?body=1" for 127.0.0.1 at 2015-10-04 22:18:55 -0500


Started GET "/assets/application.js?body=1" for 127.0.0.1 at 2015-10-04 22:18:55 -0500


Started GET "/" for 127.0.0.1 at 2015-10-04 22:18:57 -0500
Processing by SkiesController#index as HTML
  [1m[36mSky Load (0.3ms)[0m  [1mSELECT  "skies".* FROM "skies"   ORDER BY "skies"."created_at" ASC LIMIT 50[0m
  Rendered skies/index.html.erb within layouts/application (2.2ms)
Completed 200 OK in 21ms (Views: 20.4ms | ActiveRecord: 0.3ms)


Started GET "/assets/application.css?body=1" for 127.0.0.1 at 2015-10-04 22:18:57 -0500


Started GET "/assets/jquery.js?body=1" for 127.0.0.1 at 2015-10-04 22:18:57 -0500


Started GET "/assets/application.js?body=1" for 127.0.0.1 at 2015-10-04 22:18:57 -0500


Started GET "/assets/jquery_ujs.js?body=1" for 127.0.0.1 at 2015-10-04 22:18:57 -0500


Started GET "/assets/turbolinks.js?body=1" for 127.0.0.1 at 2015-10-04 22:18:57 -0500
  [1m[36mSky Load (0.7ms)[0m  [1mSELECT  "skies".* FROM "skies"   ORDER BY "skies"."id" ASC LIMIT 1[0m
  [1m[35m (0.1ms)[0m  BEGIN
[AWS S3 404 0.876224 0 retries] head_object(:bucket_name=>"losky",:key=>"skies/images/000/000/001/original/out20151004-80716-12etbt9.png") AWS::S3::Errors::NoSuchKey No Such Key

  [1m[36mSQL (0.3ms)[0m  [1mDELETE FROM "skies" WHERE "skies"."id" = $1[0m  [["id", 1]]
  [1m[35m (6.4ms)[0m  COMMIT


Started GET "/" for 127.0.0.1 at 2015-10-04 22:19:23 -0500
  [1m[36mActiveRecord::SchemaMigration Load (0.5ms)[0m  [1mSELECT "schema_migrations".* FROM "schema_migrations"[0m
Processing by SkiesController#index as HTML
  [1m[35mSky Load (0.9ms)[0m  SELECT  "skies".* FROM "skies"   ORDER BY "skies"."created_at" ASC LIMIT 50
  Rendered skies/index.html.erb within layouts/application (12.1ms)
Completed 200 OK in 118ms (Views: 101.5ms | ActiveRecord: 3.5ms)


Started GET "/assets/application.css?body=1" for 127.0.0.1 at 2015-10-04 22:19:24 -0500


Started GET "/assets/jquery_ujs.js?body=1" for 127.0.0.1 at 2015-10-04 22:19:24 -0500


Started GET "/assets/jquery.js?body=1" for 127.0.0.1 at 2015-10-04 22:19:24 -0500


Started GET "/assets/turbolinks.js?body=1" for 127.0.0.1 at 2015-10-04 22:19:24 -0500


Started GET "/assets/application.js?body=1" for 127.0.0.1 at 2015-10-04 22:19:24 -0500
